Analysis & Synthesis report for Fourier
Fri Jun 26 13:00:00 2020
Quartus Prime Version 19.1.0 Build 670 09/22/2019 SJ Lite Edition


---------------------
; Table of Contents ;
---------------------
  1. Legal Notice
  2. Analysis & Synthesis Summary
  3. Analysis & Synthesis Settings
  4. Parallel Compilation
  5. Analysis & Synthesis Source Files Read
  6. Analysis & Synthesis Resource Usage Summary
  7. Analysis & Synthesis Resource Utilization by Entity
  8. General Register Statistics
  9. Parameter Settings for User Entity Instance: Top-level Entity: |Fourier
 10. Parameter Settings for User Entity Instance: butterfly_point_4:Butter_stage_1_0
 11. Parameter Settings for User Entity Instance: butterfly_point_4:Butter_stage_1_0|butterfly_point_2:Butter_stage_0_1
 12. Parameter Settings for User Entity Instance: butterfly_point_4:Butter_stage_1_0|butterfly_point_2:Butter_stage_0_2
 13. Parameter Settings for User Entity Instance: butterfly_point_4:Butter_stage_1_1
 14. Parameter Settings for User Entity Instance: butterfly_point_4:Butter_stage_1_1|butterfly_point_2:Butter_stage_0_1
 15. Parameter Settings for User Entity Instance: butterfly_point_4:Butter_stage_1_1|butterfly_point_2:Butter_stage_0_2
 16. Parameter Settings for Inferred Entity Instance: lpm_mult:Mult0
 17. Parameter Settings for Inferred Entity Instance: lpm_mult:Mult2
 18. Parameter Settings for Inferred Entity Instance: lpm_mult:Mult5
 19. Parameter Settings for Inferred Entity Instance: lpm_mult:Mult3
 20. Parameter Settings for Inferred Entity Instance: lpm_mult:Mult4
 21. lpm_mult Parameter Settings by Entity Instance
 22. Post-Synthesis Netlist Statistics for Top Partition
 23. Elapsed Time Per Partition
 24. Analysis & Synthesis Messages



----------------
; Legal Notice ;
----------------
Copyright (C) 2019  Intel Corporation. All rights reserved.
Your use of Intel Corporation's design tools, logic functions 
and other software and tools, and any partner logic 
functions, and any output files from any of the foregoing 
(including device programming or simulation files), and any 
associated documentation or information are expressly subject 
to the terms and conditions of the Intel Program License 
Subscription Agreement, the Intel Quartus Prime License Agreement,
the Intel FPGA IP License Agreement, or other applicable license
agreement, including, without limitation, that your use is for
the sole purpose of programming logic devices manufactured by
Intel and sold by Intel or its authorized distributors.  Please
refer to the applicable agreement for further details, at
https://fpgasoftware.intel.com/eula.



+----------------------------------------------------------------------------------+
; Analysis & Synthesis Summary                                                     ;
+------------------------------------+---------------------------------------------+
; Analysis & Synthesis Status        ; Successful - Fri Jun 26 13:00:00 2020       ;
; Quartus Prime Version              ; 19.1.0 Build 670 09/22/2019 SJ Lite Edition ;
; Revision Name                      ; Fourier                                     ;
; Top-level Entity Name              ; Fourier                                     ;
; Family                             ; Cyclone IV E                                ;
; Total logic elements               ; 496                                         ;
;     Total combinational functions  ; 496                                         ;
;     Dedicated logic registers      ; 0                                           ;
; Total registers                    ; 0                                           ;
; Total pins                         ; 256                                         ;
; Total virtual pins                 ; 0                                           ;
; Total memory bits                  ; 0                                           ;
; Embedded Multiplier 9-bit elements ; 0                                           ;
; Total PLLs                         ; 0                                           ;
+------------------------------------+---------------------------------------------+


+------------------------------------------------------------------------------------------------------------+
; Analysis & Synthesis Settings                                                                              ;
+------------------------------------------------------------------+--------------------+--------------------+
; Option                                                           ; Setting            ; Default Value      ;
+------------------------------------------------------------------+--------------------+--------------------+
; Top-level entity name                                            ; Fourier            ; Fourier            ;
; Family name                                                      ; Cyclone IV E       ; Cyclone V          ;
; Use smart compilation                                            ; Off                ; Off                ;
; Enable parallel Assembler and Timing Analyzer during compilation ; On                 ; On                 ;
; Enable compact report table                                      ; Off                ; Off                ;
; Restructure Multiplexers                                         ; Auto               ; Auto               ;
; Create Debugging Nodes for IP Cores                              ; Off                ; Off                ;
; Preserve fewer node names                                        ; On                 ; On                 ;
; Intel FPGA IP Evaluation Mode                                    ; Enable             ; Enable             ;
; Verilog Version                                                  ; Verilog_2001       ; Verilog_2001       ;
; VHDL Version                                                     ; VHDL_1993          ; VHDL_1993          ;
; State Machine Processing                                         ; Auto               ; Auto               ;
; Safe State Machine                                               ; Off                ; Off                ;
; Extract Verilog State Machines                                   ; On                 ; On                 ;
; Extract VHDL State Machines                                      ; On                 ; On                 ;
; Ignore Verilog initial constructs                                ; Off                ; Off                ;
; Iteration limit for constant Verilog loops                       ; 5000               ; 5000               ;
; Iteration limit for non-constant Verilog loops                   ; 250                ; 250                ;
; Add Pass-Through Logic to Inferred RAMs                          ; On                 ; On                 ;
; Infer RAMs from Raw Logic                                        ; On                 ; On                 ;
; Parallel Synthesis                                               ; On                 ; On                 ;
; DSP Block Balancing                                              ; Auto               ; Auto               ;
; NOT Gate Push-Back                                               ; On                 ; On                 ;
; Power-Up Don't Care                                              ; On                 ; On                 ;
; Remove Redundant Logic Cells                                     ; Off                ; Off                ;
; Remove Duplicate Registers                                       ; On                 ; On                 ;
; Ignore CARRY Buffers                                             ; Off                ; Off                ;
; Ignore CASCADE Buffers                                           ; Off                ; Off                ;
; Ignore GLOBAL Buffers                                            ; Off                ; Off                ;
; Ignore ROW GLOBAL Buffers                                        ; Off                ; Off                ;
; Ignore LCELL Buffers                                             ; Off                ; Off                ;
; Ignore SOFT Buffers                                              ; On                 ; On                 ;
; Limit AHDL Integers to 32 Bits                                   ; Off                ; Off                ;
; Optimization Technique                                           ; Balanced           ; Balanced           ;
; Carry Chain Length                                               ; 70                 ; 70                 ;
; Auto Carry Chains                                                ; On                 ; On                 ;
; Auto Open-Drain Pins                                             ; On                 ; On                 ;
; Perform WYSIWYG Primitive Resynthesis                            ; Off                ; Off                ;
; Auto ROM Replacement                                             ; On                 ; On                 ;
; Auto RAM Replacement                                             ; On                 ; On                 ;
; Auto DSP Block Replacement                                       ; On                 ; On                 ;
; Auto Shift Register Replacement                                  ; Auto               ; Auto               ;
; Allow Shift Register Merging across Hierarchies                  ; Auto               ; Auto               ;
; Auto Clock Enable Replacement                                    ; On                 ; On                 ;
; Strict RAM Replacement                                           ; Off                ; Off                ;
; Allow Synchronous Control Signals                                ; On                 ; On                 ;
; Force Use of Synchronous Clear Signals                           ; Off                ; Off                ;
; Auto RAM Block Balancing                                         ; On                 ; On                 ;
; Auto RAM to Logic Cell Conversion                                ; Off                ; Off                ;
; Auto Resource Sharing                                            ; Off                ; Off                ;
; Allow Any RAM Size For Recognition                               ; Off                ; Off                ;
; Allow Any ROM Size For Recognition                               ; Off                ; Off                ;
; Allow Any Shift Register Size For Recognition                    ; Off                ; Off                ;
; Use LogicLock Constraints during Resource Balancing              ; On                 ; On                 ;
; Ignore translate_off and synthesis_off directives                ; Off                ; Off                ;
; Timing-Driven Synthesis                                          ; On                 ; On                 ;
; Report Parameter Settings                                        ; On                 ; On                 ;
; Report Source Assignments                                        ; On                 ; On                 ;
; Report Connectivity Checks                                       ; On                 ; On                 ;
; Ignore Maximum Fan-Out Assignments                               ; Off                ; Off                ;
; Synchronization Register Chain Length                            ; 2                  ; 2                  ;
; Power Optimization During Synthesis                              ; Normal compilation ; Normal compilation ;
; HDL message level                                                ; Level2             ; Level2             ;
; Suppress Register Optimization Related Messages                  ; Off                ; Off                ;
; Number of Removed Registers Reported in Synthesis Report         ; 5000               ; 5000               ;
; Number of Swept Nodes Reported in Synthesis Report               ; 5000               ; 5000               ;
; Number of Inverted Registers Reported in Synthesis Report        ; 100                ; 100                ;
; Clock MUX Protection                                             ; On                 ; On                 ;
; Auto Gated Clock Conversion                                      ; Off                ; Off                ;
; Block Design Naming                                              ; Auto               ; Auto               ;
; SDC constraint protection                                        ; Off                ; Off                ;
; Synthesis Effort                                                 ; Auto               ; Auto               ;
; Shift Register Replacement - Allow Asynchronous Clear Signal     ; On                 ; On                 ;
; Pre-Mapping Resynthesis Optimization                             ; Off                ; Off                ;
; Analysis & Synthesis Message Level                               ; Medium             ; Medium             ;
; Disable Register Merging Across Hierarchies                      ; Auto               ; Auto               ;
; Resource Aware Inference For Block RAM                           ; On                 ; On                 ;
+------------------------------------------------------------------+--------------------+--------------------+


+------------------------------------------+
; Parallel Compilation                     ;
+----------------------------+-------------+
; Processors                 ; Number      ;
+----------------------------+-------------+
; Number detected on machine ; 8           ;
; Maximum allowed            ; 4           ;
;                            ;             ;
; Average used               ; 1.00        ;
; Maximum used               ; 1           ;
;                            ;             ;
; Usage by Processor         ; % Time Used ;
;     Processor 1            ; 100.0%      ;
+----------------------------+-------------+


+------------------------------------------------------------------------------------------------------------------------------------------------------------------------------+
; Analysis & Synthesis Source Files Read                                                                                                                                       ;
+----------------------------------+-----------------+------------------------------+--------------------------------------------------------------------------------+---------+
; File Name with User-Entered Path ; Used in Netlist ; File Type                    ; File Name with Absolute Path                                                   ; Library ;
+----------------------------------+-----------------+------------------------------+--------------------------------------------------------------------------------+---------+
; butterfly_point_2.v              ; yes             ; User Verilog HDL File        ; D:/PROJEKTY/Sycyf/Nowy folder/butterfly_point_2.v                              ;         ;
; butterfly_point_4.v              ; yes             ; User Verilog HDL File        ; D:/PROJEKTY/Sycyf/Nowy folder/butterfly_point_4.v                              ;         ;
; Fourier.v                        ; yes             ; User Verilog HDL File        ; D:/PROJEKTY/Sycyf/Nowy folder/Fourier.v                                        ;         ;
; lpm_mult.tdf                     ; yes             ; Megafunction                 ; c:/intelfpga_lite/19.1/quartus/libraries/megafunctions/lpm_mult.tdf            ;         ;
; aglobal191.inc                   ; yes             ; Megafunction                 ; c:/intelfpga_lite/19.1/quartus/libraries/megafunctions/aglobal191.inc          ;         ;
; lpm_add_sub.inc                  ; yes             ; Megafunction                 ; c:/intelfpga_lite/19.1/quartus/libraries/megafunctions/lpm_add_sub.inc         ;         ;
; multcore.inc                     ; yes             ; Megafunction                 ; c:/intelfpga_lite/19.1/quartus/libraries/megafunctions/multcore.inc            ;         ;
; bypassff.inc                     ; yes             ; Megafunction                 ; c:/intelfpga_lite/19.1/quartus/libraries/megafunctions/bypassff.inc            ;         ;
; altshift.inc                     ; yes             ; Megafunction                 ; c:/intelfpga_lite/19.1/quartus/libraries/megafunctions/altshift.inc            ;         ;
; multcore.tdf                     ; yes             ; Megafunction                 ; c:/intelfpga_lite/19.1/quartus/libraries/megafunctions/multcore.tdf            ;         ;
; csa_add.inc                      ; yes             ; Megafunction                 ; c:/intelfpga_lite/19.1/quartus/libraries/megafunctions/csa_add.inc             ;         ;
; mpar_add.inc                     ; yes             ; Megafunction                 ; c:/intelfpga_lite/19.1/quartus/libraries/megafunctions/mpar_add.inc            ;         ;
; muleabz.inc                      ; yes             ; Megafunction                 ; c:/intelfpga_lite/19.1/quartus/libraries/megafunctions/muleabz.inc             ;         ;
; mul_lfrg.inc                     ; yes             ; Megafunction                 ; c:/intelfpga_lite/19.1/quartus/libraries/megafunctions/mul_lfrg.inc            ;         ;
; mul_boothc.inc                   ; yes             ; Megafunction                 ; c:/intelfpga_lite/19.1/quartus/libraries/megafunctions/mul_boothc.inc          ;         ;
; alt_ded_mult.inc                 ; yes             ; Megafunction                 ; c:/intelfpga_lite/19.1/quartus/libraries/megafunctions/alt_ded_mult.inc        ;         ;
; alt_ded_mult_y.inc               ; yes             ; Megafunction                 ; c:/intelfpga_lite/19.1/quartus/libraries/megafunctions/alt_ded_mult_y.inc      ;         ;
; dffpipe.inc                      ; yes             ; Megafunction                 ; c:/intelfpga_lite/19.1/quartus/libraries/megafunctions/dffpipe.inc             ;         ;
; mpar_add.tdf                     ; yes             ; Megafunction                 ; c:/intelfpga_lite/19.1/quartus/libraries/megafunctions/mpar_add.tdf            ;         ;
; lpm_add_sub.tdf                  ; yes             ; Megafunction                 ; c:/intelfpga_lite/19.1/quartus/libraries/megafunctions/lpm_add_sub.tdf         ;         ;
; addcore.inc                      ; yes             ; Megafunction                 ; c:/intelfpga_lite/19.1/quartus/libraries/megafunctions/addcore.inc             ;         ;
; look_add.inc                     ; yes             ; Megafunction                 ; c:/intelfpga_lite/19.1/quartus/libraries/megafunctions/look_add.inc            ;         ;
; alt_stratix_add_sub.inc          ; yes             ; Megafunction                 ; c:/intelfpga_lite/19.1/quartus/libraries/megafunctions/alt_stratix_add_sub.inc ;         ;
; db/add_sub_lgh.tdf               ; yes             ; Auto-Generated Megafunction  ; D:/PROJEKTY/Sycyf/Nowy folder/db/add_sub_lgh.tdf                               ;         ;
; altshift.tdf                     ; yes             ; Megafunction                 ; c:/intelfpga_lite/19.1/quartus/libraries/megafunctions/altshift.tdf            ;         ;
; db/add_sub_afh.tdf               ; yes             ; Auto-Generated Megafunction  ; D:/PROJEKTY/Sycyf/Nowy folder/db/add_sub_afh.tdf                               ;         ;
+----------------------------------+-----------------+------------------------------+--------------------------------------------------------------------------------+---------+


+-----------------------------------------------------------------------------------------------------------------------------+
; Analysis & Synthesis Resource Usage Summary                                                                                 ;
+---------------------------------------------+-------------------------------------------------------------------------------+
; Resource                                    ; Usage                                                                         ;
+---------------------------------------------+-------------------------------------------------------------------------------+
; Estimated Total logic elements              ; 496                                                                           ;
;                                             ;                                                                               ;
; Total combinational functions               ; 496                                                                           ;
; Logic element usage by number of LUT inputs ;                                                                               ;
;     -- 4 input functions                    ; 61                                                                            ;
;     -- 3 input functions                    ; 286                                                                           ;
;     -- <=2 input functions                  ; 149                                                                           ;
;                                             ;                                                                               ;
; Logic elements by mode                      ;                                                                               ;
;     -- normal mode                          ; 126                                                                           ;
;     -- arithmetic mode                      ; 370                                                                           ;
;                                             ;                                                                               ;
; Total registers                             ; 0                                                                             ;
;     -- Dedicated logic registers            ; 0                                                                             ;
;     -- I/O registers                        ; 0                                                                             ;
;                                             ;                                                                               ;
; I/O pins                                    ; 256                                                                           ;
;                                             ;                                                                               ;
; Embedded Multiplier 9-bit elements          ; 0                                                                             ;
;                                             ;                                                                               ;
; Maximum fan-out node                        ; butterfly_point_4:Butter_stage_1_1|butterfly_point_2:Butter_stage_0_2|a1[0]~0 ;
; Maximum fan-out                             ; 32                                                                            ;
; Total fan-out                               ; 1788                                                                          ;
; Average fan-out                             ; 1.77                                                                          ;
+---------------------------------------------+-------------------------------------------------------------------------------+


+------------------------------------------------------------------------------------------------------------------------------------------------------------------------------------------------------------------------------------------------------------------------------------------------------------------------+
; Analysis & Synthesis Resource Utilization by Entity                                                                                                                                                                                                                                                                    ;
+---------------------------------------------+---------------------+---------------------------+-------------+--------------+---------+-----------+------+--------------+------------------------------------------------------------------------------------------------------------+-------------------+--------------+
; Compilation Hierarchy Node                  ; Combinational ALUTs ; Dedicated Logic Registers ; Memory Bits ; DSP Elements ; DSP 9x9 ; DSP 18x18 ; Pins ; Virtual Pins ; Full Hierarchy Name                                                                                        ; Entity Name       ; Library Name ;
+---------------------------------------------+---------------------+---------------------------+-------------+--------------+---------+-----------+------+--------------+------------------------------------------------------------------------------------------------------------+-------------------+--------------+
; |Fourier                                    ; 496 (230)           ; 0 (0)                     ; 0           ; 0            ; 0       ; 0         ; 256  ; 0            ; |Fourier                                                                                                   ; Fourier           ; work         ;
;    |butterfly_point_4:Butter_stage_1_0|     ; 68 (36)             ; 0 (0)                     ; 0           ; 0            ; 0       ; 0         ; 0    ; 0            ; |Fourier|butterfly_point_4:Butter_stage_1_0                                                                ; butterfly_point_4 ; work         ;
;       |butterfly_point_2:Butter_stage_0_1|  ; 16 (16)             ; 0 (0)                     ; 0           ; 0            ; 0       ; 0         ; 0    ; 0            ; |Fourier|butterfly_point_4:Butter_stage_1_0|butterfly_point_2:Butter_stage_0_1                             ; butterfly_point_2 ; work         ;
;       |butterfly_point_2:Butter_stage_0_2|  ; 16 (16)             ; 0 (0)                     ; 0           ; 0            ; 0       ; 0         ; 0    ; 0            ; |Fourier|butterfly_point_4:Butter_stage_1_0|butterfly_point_2:Butter_stage_0_2                             ; butterfly_point_2 ; work         ;
;    |butterfly_point_4:Butter_stage_1_1|     ; 68 (36)             ; 0 (0)                     ; 0           ; 0            ; 0       ; 0         ; 0    ; 0            ; |Fourier|butterfly_point_4:Butter_stage_1_1                                                                ; butterfly_point_4 ; work         ;
;       |butterfly_point_2:Butter_stage_0_1|  ; 16 (16)             ; 0 (0)                     ; 0           ; 0            ; 0       ; 0         ; 0    ; 0            ; |Fourier|butterfly_point_4:Butter_stage_1_1|butterfly_point_2:Butter_stage_0_1                             ; butterfly_point_2 ; work         ;
;       |butterfly_point_2:Butter_stage_0_2|  ; 16 (16)             ; 0 (0)                     ; 0           ; 0            ; 0       ; 0         ; 0    ; 0            ; |Fourier|butterfly_point_4:Butter_stage_1_1|butterfly_point_2:Butter_stage_0_2                             ; butterfly_point_2 ; work         ;
;    |lpm_mult:Mult0|                         ; 34 (0)              ; 0 (0)                     ; 0           ; 0            ; 0       ; 0         ; 0    ; 0            ; |Fourier|lpm_mult:Mult0                                                                                    ; lpm_mult          ; work         ;
;       |multcore:mult_core|                  ; 34 (22)             ; 0 (0)                     ; 0           ; 0            ; 0       ; 0         ; 0    ; 0            ; |Fourier|lpm_mult:Mult0|multcore:mult_core                                                                 ; multcore          ; work         ;
;          |mpar_add:padder|                  ; 12 (0)              ; 0 (0)                     ; 0           ; 0            ; 0       ; 0         ; 0    ; 0            ; |Fourier|lpm_mult:Mult0|multcore:mult_core|mpar_add:padder                                                 ; mpar_add          ; work         ;
;             |lpm_add_sub:adder[0]|          ; 12 (0)              ; 0 (0)                     ; 0           ; 0            ; 0       ; 0         ; 0    ; 0            ; |Fourier|lpm_mult:Mult0|multcore:mult_core|mpar_add:padder|lpm_add_sub:adder[0]                            ; lpm_add_sub       ; work         ;
;                |add_sub_lgh:auto_generated| ; 12 (12)             ; 0 (0)                     ; 0           ; 0            ; 0       ; 0         ; 0    ; 0            ; |Fourier|lpm_mult:Mult0|multcore:mult_core|mpar_add:padder|lpm_add_sub:adder[0]|add_sub_lgh:auto_generated ; add_sub_lgh       ; work         ;
;    |lpm_mult:Mult2|                         ; 22 (0)              ; 0 (0)                     ; 0           ; 0            ; 0       ; 0         ; 0    ; 0            ; |Fourier|lpm_mult:Mult2                                                                                    ; lpm_mult          ; work         ;
;       |multcore:mult_core|                  ; 22 (14)             ; 0 (0)                     ; 0           ; 0            ; 0       ; 0         ; 0    ; 0            ; |Fourier|lpm_mult:Mult2|multcore:mult_core                                                                 ; multcore          ; work         ;
;          |mpar_add:padder|                  ; 8 (0)               ; 0 (0)                     ; 0           ; 0            ; 0       ; 0         ; 0    ; 0            ; |Fourier|lpm_mult:Mult2|multcore:mult_core|mpar_add:padder                                                 ; mpar_add          ; work         ;
;             |lpm_add_sub:adder[0]|          ; 8 (0)               ; 0 (0)                     ; 0           ; 0            ; 0       ; 0         ; 0    ; 0            ; |Fourier|lpm_mult:Mult2|multcore:mult_core|mpar_add:padder|lpm_add_sub:adder[0]                            ; lpm_add_sub       ; work         ;
;                |add_sub_afh:auto_generated| ; 8 (8)               ; 0 (0)                     ; 0           ; 0            ; 0       ; 0         ; 0    ; 0            ; |Fourier|lpm_mult:Mult2|multcore:mult_core|mpar_add:padder|lpm_add_sub:adder[0]|add_sub_afh:auto_generated ; add_sub_afh       ; work         ;
;    |lpm_mult:Mult3|                         ; 20 (0)              ; 0 (0)                     ; 0           ; 0            ; 0       ; 0         ; 0    ; 0            ; |Fourier|lpm_mult:Mult3                                                                                    ; lpm_mult          ; work         ;
;       |multcore:mult_core|                  ; 20 (12)             ; 0 (0)                     ; 0           ; 0            ; 0       ; 0         ; 0    ; 0            ; |Fourier|lpm_mult:Mult3|multcore:mult_core                                                                 ; multcore          ; work         ;
;          |mpar_add:padder|                  ; 8 (0)               ; 0 (0)                     ; 0           ; 0            ; 0       ; 0         ; 0    ; 0            ; |Fourier|lpm_mult:Mult3|multcore:mult_core|mpar_add:padder                                                 ; mpar_add          ; work         ;
;             |lpm_add_sub:adder[0]|          ; 8 (0)               ; 0 (0)                     ; 0           ; 0            ; 0       ; 0         ; 0    ; 0            ; |Fourier|lpm_mult:Mult3|multcore:mult_core|mpar_add:padder|lpm_add_sub:adder[0]                            ; lpm_add_sub       ; work         ;
;                |add_sub_afh:auto_generated| ; 8 (8)               ; 0 (0)                     ; 0           ; 0            ; 0       ; 0         ; 0    ; 0            ; |Fourier|lpm_mult:Mult3|multcore:mult_core|mpar_add:padder|lpm_add_sub:adder[0]|add_sub_afh:auto_generated ; add_sub_afh       ; work         ;
;    |lpm_mult:Mult4|                         ; 22 (0)              ; 0 (0)                     ; 0           ; 0            ; 0       ; 0         ; 0    ; 0            ; |Fourier|lpm_mult:Mult4                                                                                    ; lpm_mult          ; work         ;
;       |multcore:mult_core|                  ; 22 (14)             ; 0 (0)                     ; 0           ; 0            ; 0       ; 0         ; 0    ; 0            ; |Fourier|lpm_mult:Mult4|multcore:mult_core                                                                 ; multcore          ; work         ;
;          |mpar_add:padder|                  ; 8 (0)               ; 0 (0)                     ; 0           ; 0            ; 0       ; 0         ; 0    ; 0            ; |Fourier|lpm_mult:Mult4|multcore:mult_core|mpar_add:padder                                                 ; mpar_add          ; work         ;
;             |lpm_add_sub:adder[0]|          ; 8 (0)               ; 0 (0)                     ; 0           ; 0            ; 0       ; 0         ; 0    ; 0            ; |Fourier|lpm_mult:Mult4|multcore:mult_core|mpar_add:padder|lpm_add_sub:adder[0]                            ; lpm_add_sub       ; work         ;
;                |add_sub_lgh:auto_generated| ; 8 (8)               ; 0 (0)                     ; 0           ; 0            ; 0       ; 0         ; 0    ; 0            ; |Fourier|lpm_mult:Mult4|multcore:mult_core|mpar_add:padder|lpm_add_sub:adder[0]|add_sub_lgh:auto_generated ; add_sub_lgh       ; work         ;
;    |lpm_mult:Mult5|                         ; 32 (0)              ; 0 (0)                     ; 0           ; 0            ; 0       ; 0         ; 0    ; 0            ; |Fourier|lpm_mult:Mult5                                                                                    ; lpm_mult          ; work         ;
;       |multcore:mult_core|                  ; 32 (20)             ; 0 (0)                     ; 0           ; 0            ; 0       ; 0         ; 0    ; 0            ; |Fourier|lpm_mult:Mult5|multcore:mult_core                                                                 ; multcore          ; work         ;
;          |mpar_add:padder|                  ; 12 (0)              ; 0 (0)                     ; 0           ; 0            ; 0       ; 0         ; 0    ; 0            ; |Fourier|lpm_mult:Mult5|multcore:mult_core|mpar_add:padder                                                 ; mpar_add          ; work         ;
;             |lpm_add_sub:adder[0]|          ; 12 (0)              ; 0 (0)                     ; 0           ; 0            ; 0       ; 0         ; 0    ; 0            ; |Fourier|lpm_mult:Mult5|multcore:mult_core|mpar_add:padder|lpm_add_sub:adder[0]                            ; lpm_add_sub       ; work         ;
;                |add_sub_lgh:auto_generated| ; 12 (12)             ; 0 (0)                     ; 0           ; 0            ; 0       ; 0         ; 0    ; 0            ; |Fourier|lpm_mult:Mult5|multcore:mult_core|mpar_add:padder|lpm_add_sub:adder[0]|add_sub_lgh:auto_generated ; add_sub_lgh       ; work         ;
+---------------------------------------------+---------------------+---------------------------+-------------+--------------+---------+-----------+------+--------------+------------------------------------------------------------------------------------------------------------+-------------------+--------------+
Note: For table entries with two numbers listed, the numbers in parentheses indicate the number of resources of the given type used by the specific entity alone. The numbers listed outside of parentheses indicate the total resources of the given type used by the specific entity and all of its sub-entities in the hierarchy.


+------------------------------------------------------+
; General Register Statistics                          ;
+----------------------------------------------+-------+
; Statistic                                    ; Value ;
+----------------------------------------------+-------+
; Total registers                              ; 0     ;
; Number of registers using Synchronous Clear  ; 0     ;
; Number of registers using Synchronous Load   ; 0     ;
; Number of registers using Asynchronous Clear ; 0     ;
; Number of registers using Asynchronous Load  ; 0     ;
; Number of registers using Clock Enable       ; 0     ;
; Number of registers using Preset             ; 0     ;
+----------------------------------------------+-------+


+-------------------------------------------------------------------------+
; Parameter Settings for User Entity Instance: Top-level Entity: |Fourier ;
+----------------+----------+---------------------------------------------+
; Parameter Name ; Value    ; Type                                        ;
+----------------+----------+---------------------------------------------+
; w08            ; 00010000 ; Unsigned Binary                             ;
; w18r           ; 00001011 ; Unsigned Binary                             ;
; w18i           ; 11110101 ; Unsigned Binary                             ;
; w28            ; 11110000 ; Unsigned Binary                             ;
; w38r           ; 11110101 ; Unsigned Binary                             ;
; w38i           ; 11110101 ; Unsigned Binary                             ;
+----------------+----------+---------------------------------------------+
Note: In order to hide this table in the UI and the text report file, please set the "Show Parameter Settings in Synthesis Report" option in "Analysis and Synthesis Settings -> More Settings" to "Off".


+---------------------------------------------------------------------------------+
; Parameter Settings for User Entity Instance: butterfly_point_4:Butter_stage_1_0 ;
+----------------+----------+-----------------------------------------------------+
; Parameter Name ; Value    ; Type                                                ;
+----------------+----------+-----------------------------------------------------+
; w04            ; 00010000 ; Unsigned Binary                                     ;
; w14            ; 11110000 ; Unsigned Binary                                     ;
+----------------+----------+-----------------------------------------------------+
Note: In order to hide this table in the UI and the text report file, please set the "Show Parameter Settings in Synthesis Report" option in "Analysis and Synthesis Settings -> More Settings" to "Off".


+--------------------------------------------------------------------------------------------------------------------+
; Parameter Settings for User Entity Instance: butterfly_point_4:Butter_stage_1_0|butterfly_point_2:Butter_stage_0_1 ;
+----------------+----------+----------------------------------------------------------------------------------------+
; Parameter Name ; Value    ; Type                                                                                   ;
+----------------+----------+----------------------------------------------------------------------------------------+
; w02            ; 00010000 ; Unsigned Binary                                                                        ;
+----------------+----------+----------------------------------------------------------------------------------------+
Note: In order to hide this table in the UI and the text report file, please set the "Show Parameter Settings in Synthesis Report" option in "Analysis and Synthesis Settings -> More Settings" to "Off".


+--------------------------------------------------------------------------------------------------------------------+
; Parameter Settings for User Entity Instance: butterfly_point_4:Butter_stage_1_0|butterfly_point_2:Butter_stage_0_2 ;
+----------------+----------+----------------------------------------------------------------------------------------+
; Parameter Name ; Value    ; Type                                                                                   ;
+----------------+----------+----------------------------------------------------------------------------------------+
; w02            ; 00010000 ; Unsigned Binary                                                                        ;
+----------------+----------+----------------------------------------------------------------------------------------+
Note: In order to hide this table in the UI and the text report file, please set the "Show Parameter Settings in Synthesis Report" option in "Analysis and Synthesis Settings -> More Settings" to "Off".


+---------------------------------------------------------------------------------+
; Parameter Settings for User Entity Instance: butterfly_point_4:Butter_stage_1_1 ;
+----------------+----------+-----------------------------------------------------+
; Parameter Name ; Value    ; Type                                                ;
+----------------+----------+-----------------------------------------------------+
; w04            ; 00010000 ; Unsigned Binary                                     ;
; w14            ; 11110000 ; Unsigned Binary                                     ;
+----------------+----------+-----------------------------------------------------+
Note: In order to hide this table in the UI and the text report file, please set the "Show Parameter Settings in Synthesis Report" option in "Analysis and Synthesis Settings -> More Settings" to "Off".


+--------------------------------------------------------------------------------------------------------------------+
; Parameter Settings for User Entity Instance: butterfly_point_4:Butter_stage_1_1|butterfly_point_2:Butter_stage_0_1 ;
+----------------+----------+----------------------------------------------------------------------------------------+
; Parameter Name ; Value    ; Type                                                                                   ;
+----------------+----------+----------------------------------------------------------------------------------------+
; w02            ; 00010000 ; Unsigned Binary                                                                        ;
+----------------+----------+----------------------------------------------------------------------------------------+
Note: In order to hide this table in the UI and the text report file, please set the "Show Parameter Settings in Synthesis Report" option in "Analysis and Synthesis Settings -> More Settings" to "Off".


+--------------------------------------------------------------------------------------------------------------------+
; Parameter Settings for User Entity Instance: butterfly_point_4:Butter_stage_1_1|butterfly_point_2:Butter_stage_0_2 ;
+----------------+----------+----------------------------------------------------------------------------------------+
; Parameter Name ; Value    ; Type                                                                                   ;
+----------------+----------+----------------------------------------------------------------------------------------+
; w02            ; 00010000 ; Unsigned Binary                                                                        ;
+----------------+----------+----------------------------------------------------------------------------------------+
Note: In order to hide this table in the UI and the text report file, please set the "Show Parameter Settings in Synthesis Report" option in "Analysis and Synthesis Settings -> More Settings" to "Off".


+-------------------------------------------------------------------------------------+
; Parameter Settings for Inferred Entity Instance: lpm_mult:Mult0                     ;
+------------------------------------------------+--------------+---------------------+
; Parameter Name                                 ; Value        ; Type                ;
+------------------------------------------------+--------------+---------------------+
; AUTO_CARRY_CHAINS                              ; ON           ; AUTO_CARRY          ;
; IGNORE_CARRY_BUFFERS                           ; OFF          ; IGNORE_CARRY        ;
; AUTO_CASCADE_CHAINS                            ; ON           ; AUTO_CASCADE        ;
; IGNORE_CASCADE_BUFFERS                         ; OFF          ; IGNORE_CASCADE      ;
; LPM_WIDTHA                                     ; 8            ; Untyped             ;
; LPM_WIDTHB                                     ; 8            ; Untyped             ;
; LPM_WIDTHP                                     ; 16           ; Untyped             ;
; LPM_WIDTHR                                     ; 16           ; Untyped             ;
; LPM_WIDTHS                                     ; 1            ; Untyped             ;
; LPM_REPRESENTATION                             ; UNSIGNED     ; Untyped             ;
; LPM_PIPELINE                                   ; 0            ; Untyped             ;
; LATENCY                                        ; 0            ; Untyped             ;
; INPUT_A_IS_CONSTANT                            ; YES          ; Untyped             ;
; INPUT_B_IS_CONSTANT                            ; NO           ; Untyped             ;
; USE_EAB                                        ; OFF          ; Untyped             ;
; MAXIMIZE_SPEED                                 ; 5            ; Untyped             ;
; DEVICE_FAMILY                                  ; Cyclone IV E ; Untyped             ;
; CARRY_CHAIN                                    ; MANUAL       ; Untyped             ;
; APEX20K_TECHNOLOGY_MAPPER                      ; LUT          ; TECH_MAPPER_APEX20K ;
; DEDICATED_MULTIPLIER_CIRCUITRY                 ; AUTO         ; Untyped             ;
; DEDICATED_MULTIPLIER_MIN_INPUT_WIDTH_FOR_AUTO  ; 0            ; Untyped             ;
; DEDICATED_MULTIPLIER_MIN_OUTPUT_WIDTH_FOR_AUTO ; 0            ; Untyped             ;
; CBXI_PARAMETER                                 ; NOTHING      ; Untyped             ;
; INPUT_A_FIXED_VALUE                            ; Bx           ; Untyped             ;
; INPUT_B_FIXED_VALUE                            ; Bx           ; Untyped             ;
; USE_AHDL_IMPLEMENTATION                        ; OFF          ; Untyped             ;
+------------------------------------------------+--------------+---------------------+
Note: In order to hide this table in the UI and the text report file, please set the "Show Parameter Settings in Synthesis Report" option in "Analysis and Synthesis Settings -> More Settings" to "Off".


+-------------------------------------------------------------------------------------+
; Parameter Settings for Inferred Entity Instance: lpm_mult:Mult2                     ;
+------------------------------------------------+--------------+---------------------+
; Parameter Name                                 ; Value        ; Type                ;
+------------------------------------------------+--------------+---------------------+
; AUTO_CARRY_CHAINS                              ; ON           ; AUTO_CARRY          ;
; IGNORE_CARRY_BUFFERS                           ; OFF          ; IGNORE_CARRY        ;
; AUTO_CASCADE_CHAINS                            ; ON           ; AUTO_CASCADE        ;
; IGNORE_CASCADE_BUFFERS                         ; OFF          ; IGNORE_CASCADE      ;
; LPM_WIDTHA                                     ; 4            ; Untyped             ;
; LPM_WIDTHB                                     ; 8            ; Untyped             ;
; LPM_WIDTHP                                     ; 12           ; Untyped             ;
; LPM_WIDTHR                                     ; 12           ; Untyped             ;
; LPM_WIDTHS                                     ; 1            ; Untyped             ;
; LPM_REPRESENTATION                             ; UNSIGNED     ; Untyped             ;
; LPM_PIPELINE                                   ; 0            ; Untyped             ;
; LATENCY                                        ; 0            ; Untyped             ;
; INPUT_A_IS_CONSTANT                            ; YES          ; Untyped             ;
; INPUT_B_IS_CONSTANT                            ; NO           ; Untyped             ;
; USE_EAB                                        ; OFF          ; Untyped             ;
; MAXIMIZE_SPEED                                 ; 5            ; Untyped             ;
; DEVICE_FAMILY                                  ; Cyclone IV E ; Untyped             ;
; CARRY_CHAIN                                    ; MANUAL       ; Untyped             ;
; APEX20K_TECHNOLOGY_MAPPER                      ; LUT          ; TECH_MAPPER_APEX20K ;
; DEDICATED_MULTIPLIER_CIRCUITRY                 ; AUTO         ; Untyped             ;
; DEDICATED_MULTIPLIER_MIN_INPUT_WIDTH_FOR_AUTO  ; 0            ; Untyped             ;
; DEDICATED_MULTIPLIER_MIN_OUTPUT_WIDTH_FOR_AUTO ; 0            ; Untyped             ;
; CBXI_PARAMETER                                 ; NOTHING      ; Untyped             ;
; INPUT_A_FIXED_VALUE                            ; Bx           ; Untyped             ;
; INPUT_B_FIXED_VALUE                            ; Bx           ; Untyped             ;
; USE_AHDL_IMPLEMENTATION                        ; OFF          ; Untyped             ;
+------------------------------------------------+--------------+---------------------+
Note: In order to hide this table in the UI and the text report file, please set the "Show Parameter Settings in Synthesis Report" option in "Analysis and Synthesis Settings -> More Settings" to "Off".


+-------------------------------------------------------------------------------------+
; Parameter Settings for Inferred Entity Instance: lpm_mult:Mult5                     ;
+------------------------------------------------+--------------+---------------------+
; Parameter Name                                 ; Value        ; Type                ;
+------------------------------------------------+--------------+---------------------+
; AUTO_CARRY_CHAINS                              ; ON           ; AUTO_CARRY          ;
; IGNORE_CARRY_BUFFERS                           ; OFF          ; IGNORE_CARRY        ;
; AUTO_CASCADE_CHAINS                            ; ON           ; AUTO_CASCADE        ;
; IGNORE_CASCADE_BUFFERS                         ; OFF          ; IGNORE_CASCADE      ;
; LPM_WIDTHA                                     ; 8            ; Untyped             ;
; LPM_WIDTHB                                     ; 8            ; Untyped             ;
; LPM_WIDTHP                                     ; 16           ; Untyped             ;
; LPM_WIDTHR                                     ; 16           ; Untyped             ;
; LPM_WIDTHS                                     ; 1            ; Untyped             ;
; LPM_REPRESENTATION                             ; UNSIGNED     ; Untyped             ;
; LPM_PIPELINE                                   ; 0            ; Untyped             ;
; LATENCY                                        ; 0            ; Untyped             ;
; INPUT_A_IS_CONSTANT                            ; YES          ; Untyped             ;
; INPUT_B_IS_CONSTANT                            ; NO           ; Untyped             ;
; USE_EAB                                        ; OFF          ; Untyped             ;
; MAXIMIZE_SPEED                                 ; 5            ; Untyped             ;
; DEVICE_FAMILY                                  ; Cyclone IV E ; Untyped             ;
; CARRY_CHAIN                                    ; MANUAL       ; Untyped             ;
; APEX20K_TECHNOLOGY_MAPPER                      ; LUT          ; TECH_MAPPER_APEX20K ;
; DEDICATED_MULTIPLIER_CIRCUITRY                 ; AUTO         ; Untyped             ;
; DEDICATED_MULTIPLIER_MIN_INPUT_WIDTH_FOR_AUTO  ; 0            ; Untyped             ;
; DEDICATED_MULTIPLIER_MIN_OUTPUT_WIDTH_FOR_AUTO ; 0            ; Untyped             ;
; CBXI_PARAMETER                                 ; NOTHING      ; Untyped             ;
; INPUT_A_FIXED_VALUE                            ; Bx           ; Untyped             ;
; INPUT_B_FIXED_VALUE                            ; Bx           ; Untyped             ;
; USE_AHDL_IMPLEMENTATION                        ; OFF          ; Untyped             ;
+------------------------------------------------+--------------+---------------------+
Note: In order to hide this table in the UI and the text report file, please set the "Show Parameter Settings in Synthesis Report" option in "Analysis and Synthesis Settings -> More Settings" to "Off".


+-------------------------------------------------------------------------------------+
; Parameter Settings for Inferred Entity Instance: lpm_mult:Mult3                     ;
+------------------------------------------------+--------------+---------------------+
; Parameter Name                                 ; Value        ; Type                ;
+------------------------------------------------+--------------+---------------------+
; AUTO_CARRY_CHAINS                              ; ON           ; AUTO_CARRY          ;
; IGNORE_CARRY_BUFFERS                           ; OFF          ; IGNORE_CARRY        ;
; AUTO_CASCADE_CHAINS                            ; ON           ; AUTO_CASCADE        ;
; IGNORE_CASCADE_BUFFERS                         ; OFF          ; IGNORE_CASCADE      ;
; LPM_WIDTHA                                     ; 4            ; Untyped             ;
; LPM_WIDTHB                                     ; 8            ; Untyped             ;
; LPM_WIDTHP                                     ; 12           ; Untyped             ;
; LPM_WIDTHR                                     ; 12           ; Untyped             ;
; LPM_WIDTHS                                     ; 1            ; Untyped             ;
; LPM_REPRESENTATION                             ; UNSIGNED     ; Untyped             ;
; LPM_PIPELINE                                   ; 0            ; Untyped             ;
; LATENCY                                        ; 0            ; Untyped             ;
; INPUT_A_IS_CONSTANT                            ; YES          ; Untyped             ;
; INPUT_B_IS_CONSTANT                            ; NO           ; Untyped             ;
; USE_EAB                                        ; OFF          ; Untyped             ;
; MAXIMIZE_SPEED                                 ; 5            ; Untyped             ;
; DEVICE_FAMILY                                  ; Cyclone IV E ; Untyped             ;
; CARRY_CHAIN                                    ; MANUAL       ; Untyped             ;
; APEX20K_TECHNOLOGY_MAPPER                      ; LUT          ; TECH_MAPPER_APEX20K ;
; DEDICATED_MULTIPLIER_CIRCUITRY                 ; AUTO         ; Untyped             ;
; DEDICATED_MULTIPLIER_MIN_INPUT_WIDTH_FOR_AUTO  ; 0            ; Untyped             ;
; DEDICATED_MULTIPLIER_MIN_OUTPUT_WIDTH_FOR_AUTO ; 0            ; Untyped             ;
; CBXI_PARAMETER                                 ; NOTHING      ; Untyped             ;
; INPUT_A_FIXED_VALUE                            ; Bx           ; Untyped             ;
; INPUT_B_FIXED_VALUE                            ; Bx           ; Untyped             ;
; USE_AHDL_IMPLEMENTATION                        ; OFF          ; Untyped             ;
+------------------------------------------------+--------------+---------------------+
Note: In order to hide this table in the UI and the text report file, please set the "Show Parameter Settings in Synthesis Report" option in "Analysis and Synthesis Settings -> More Settings" to "Off".


+-------------------------------------------------------------------------------------+
; Parameter Settings for Inferred Entity Instance: lpm_mult:Mult4                     ;
+------------------------------------------------+--------------+---------------------+
; Parameter Name                                 ; Value        ; Type                ;
+------------------------------------------------+--------------+---------------------+
; AUTO_CARRY_CHAINS                              ; ON           ; AUTO_CARRY          ;
; IGNORE_CARRY_BUFFERS                           ; OFF          ; IGNORE_CARRY        ;
; AUTO_CASCADE_CHAINS                            ; ON           ; AUTO_CASCADE        ;
; IGNORE_CASCADE_BUFFERS                         ; OFF          ; IGNORE_CASCADE      ;
; LPM_WIDTHA                                     ; 8            ; Untyped             ;
; LPM_WIDTHB                                     ; 8            ; Untyped             ;
; LPM_WIDTHP                                     ; 16           ; Untyped             ;
; LPM_WIDTHR                                     ; 16           ; Untyped             ;
; LPM_WIDTHS                                     ; 1            ; Untyped             ;
; LPM_REPRESENTATION                             ; UNSIGNED     ; Untyped             ;
; LPM_PIPELINE                                   ; 0            ; Untyped             ;
; LATENCY                                        ; 0            ; Untyped             ;
; INPUT_A_IS_CONSTANT                            ; YES          ; Untyped             ;
; INPUT_B_IS_CONSTANT                            ; NO           ; Untyped             ;
; USE_EAB                                        ; OFF          ; Untyped             ;
; MAXIMIZE_SPEED                                 ; 5            ; Untyped             ;
; DEVICE_FAMILY                                  ; Cyclone IV E ; Untyped             ;
; CARRY_CHAIN                                    ; MANUAL       ; Untyped             ;
; APEX20K_TECHNOLOGY_MAPPER                      ; LUT          ; TECH_MAPPER_APEX20K ;
; DEDICATED_MULTIPLIER_CIRCUITRY                 ; AUTO         ; Untyped             ;
; DEDICATED_MULTIPLIER_MIN_INPUT_WIDTH_FOR_AUTO  ; 0            ; Untyped             ;
; DEDICATED_MULTIPLIER_MIN_OUTPUT_WIDTH_FOR_AUTO ; 0            ; Untyped             ;
; CBXI_PARAMETER                                 ; NOTHING      ; Untyped             ;
; INPUT_A_FIXED_VALUE                            ; Bx           ; Untyped             ;
; INPUT_B_FIXED_VALUE                            ; Bx           ; Untyped             ;
; USE_AHDL_IMPLEMENTATION                        ; OFF          ; Untyped             ;
+------------------------------------------------+--------------+---------------------+
Note: In order to hide this table in the UI and the text report file, please set the "Show Parameter Settings in Synthesis Report" option in "Analysis and Synthesis Settings -> More Settings" to "Off".


+--------------------------------------------------------+
; lpm_mult Parameter Settings by Entity Instance         ;
+---------------------------------------+----------------+
; Name                                  ; Value          ;
+---------------------------------------+----------------+
; Number of entity instances            ; 5              ;
; Entity Instance                       ; lpm_mult:Mult0 ;
;     -- LPM_WIDTHA                     ; 8              ;
;     -- LPM_WIDTHB                     ; 8              ;
;     -- LPM_WIDTHP                     ; 16             ;
;     -- LPM_REPRESENTATION             ; UNSIGNED       ;
;     -- INPUT_A_IS_CONSTANT            ; YES            ;
;     -- INPUT_B_IS_CONSTANT            ; NO             ;
;     -- USE_EAB                        ; OFF            ;
;     -- DEDICATED_MULTIPLIER_CIRCUITRY ; AUTO           ;
;     -- INPUT_A_FIXED_VALUE            ; Bx             ;
;     -- INPUT_B_FIXED_VALUE            ; Bx             ;
; Entity Instance                       ; lpm_mult:Mult2 ;
;     -- LPM_WIDTHA                     ; 4              ;
;     -- LPM_WIDTHB                     ; 8              ;
;     -- LPM_WIDTHP                     ; 12             ;
;     -- LPM_REPRESENTATION             ; UNSIGNED       ;
;     -- INPUT_A_IS_CONSTANT            ; YES            ;
;     -- INPUT_B_IS_CONSTANT            ; NO             ;
;     -- USE_EAB                        ; OFF            ;
;     -- DEDICATED_MULTIPLIER_CIRCUITRY ; AUTO           ;
;     -- INPUT_A_FIXED_VALUE            ; Bx             ;
;     -- INPUT_B_FIXED_VALUE            ; Bx             ;
; Entity Instance                       ; lpm_mult:Mult5 ;
;     -- LPM_WIDTHA                     ; 8              ;
;     -- LPM_WIDTHB                     ; 8              ;
;     -- LPM_WIDTHP                     ; 16             ;
;     -- LPM_REPRESENTATION             ; UNSIGNED       ;
;     -- INPUT_A_IS_CONSTANT            ; YES            ;
;     -- INPUT_B_IS_CONSTANT            ; NO             ;
;     -- USE_EAB                        ; OFF            ;
;     -- DEDICATED_MULTIPLIER_CIRCUITRY ; AUTO           ;
;     -- INPUT_A_FIXED_VALUE            ; Bx             ;
;     -- INPUT_B_FIXED_VALUE            ; Bx             ;
; Entity Instance                       ; lpm_mult:Mult3 ;
;     -- LPM_WIDTHA                     ; 4              ;
;     -- LPM_WIDTHB                     ; 8              ;
;     -- LPM_WIDTHP                     ; 12             ;
;     -- LPM_REPRESENTATION             ; UNSIGNED       ;
;     -- INPUT_A_IS_CONSTANT            ; YES            ;
;     -- INPUT_B_IS_CONSTANT            ; NO             ;
;     -- USE_EAB                        ; OFF            ;
;     -- DEDICATED_MULTIPLIER_CIRCUITRY ; AUTO           ;
;     -- INPUT_A_FIXED_VALUE            ; Bx             ;
;     -- INPUT_B_FIXED_VALUE            ; Bx             ;
; Entity Instance                       ; lpm_mult:Mult4 ;
;     -- LPM_WIDTHA                     ; 8              ;
;     -- LPM_WIDTHB                     ; 8              ;
;     -- LPM_WIDTHP                     ; 16             ;
;     -- LPM_REPRESENTATION             ; UNSIGNED       ;
;     -- INPUT_A_IS_CONSTANT            ; YES            ;
;     -- INPUT_B_IS_CONSTANT            ; NO             ;
;     -- USE_EAB                        ; OFF            ;
;     -- DEDICATED_MULTIPLIER_CIRCUITRY ; AUTO           ;
;     -- INPUT_A_FIXED_VALUE            ; Bx             ;
;     -- INPUT_B_FIXED_VALUE            ; Bx             ;
+---------------------------------------+----------------+


+-----------------------------------------------------+
; Post-Synthesis Netlist Statistics for Top Partition ;
+-----------------------+-----------------------------+
; Type                  ; Count                       ;
+-----------------------+-----------------------------+
; boundary_port         ; 256                         ;
; cycloneiii_lcell_comb ; 497                         ;
;     arith             ; 370                         ;
;         1 data inputs ; 1                           ;
;         2 data inputs ; 91                          ;
;         3 data inputs ; 278                         ;
;     normal            ; 127                         ;
;         0 data inputs ; 2                           ;
;         1 data inputs ; 17                          ;
;         2 data inputs ; 39                          ;
;         3 data inputs ; 8                           ;
;         4 data inputs ; 61                          ;
;                       ;                             ;
; Max LUT depth         ; 9.10                        ;
; Average LUT depth     ; 6.55                        ;
+-----------------------+-----------------------------+


+-------------------------------+
; Elapsed Time Per Partition    ;
+----------------+--------------+
; Partition Name ; Elapsed Time ;
+----------------+--------------+
; Top            ; 00:00:00     ;
+----------------+--------------+


+-------------------------------+
; Analysis & Synthesis Messages ;
+-------------------------------+
Info: *******************************************************************
Info: Running Quartus Prime Analysis & Synthesis
    Info: Version 19.1.0 Build 670 09/22/2019 SJ Lite Edition
    Info: Processing started: Fri Jun 26 12:59:50 2020
Info: Command: quartus_map --read_settings_files=on --write_settings_files=off Fourier -c Fourier
Warning (18236): Number of processors has not been specified which may cause overloading on shared machines.  Set the global assignment NUM_PARALLEL_PROCESSORS in your QSF to an appropriate value for best performance.
Info (20030): Parallel compilation is enabled and will use 4 of the 4 processors detected
Info (12021): Found 1 design units, including 1 entities, in source file butterfly_point_2.v
    Info (12023): Found entity 1: butterfly_point_2 File: D:/PROJEKTY/Sycyf/Nowy folder/butterfly_point_2.v Line: 1
Info (12021): Found 1 design units, including 1 entities, in source file butterfly_point_4.v
    Info (12023): Found entity 1: butterfly_point_4 File: D:/PROJEKTY/Sycyf/Nowy folder/butterfly_point_4.v Line: 1
Info (12021): Found 1 design units, including 1 entities, in source file fourier.v
    Info (12023): Found entity 1: Fourier File: D:/PROJEKTY/Sycyf/Nowy folder/Fourier.v Line: 1
Info (12127): Elaborating entity "Fourier" for the top level hierarchy
Info (12128): Elaborating entity "butterfly_point_4" for hierarchy "butterfly_point_4:Butter_stage_1_0" File: D:/PROJEKTY/Sycyf/Nowy folder/Fourier.v Line: 107
Info (12128): Elaborating entity "butterfly_point_2" for hierarchy "butterfly_point_4:Butter_stage_1_0|butterfly_point_2:Butter_stage_0_1" File: D:/PROJEKTY/Sycyf/Nowy folder/butterfly_point_4.v Line: 39
Info (278001): Inferred 5 megafunctions from design logic
    Info (278003): Inferred multiplier megafunction ("lpm_mult") from the following logic: "Mult0" File: D:/PROJEKTY/Sycyf/Nowy folder/Fourier.v Line: 135
    Info (278003): Inferred multiplier megafunction ("lpm_mult") from the following logic: "Mult2" File: D:/PROJEKTY/Sycyf/Nowy folder/Fourier.v Line: 137
    Info (278003): Inferred multiplier megafunction ("lpm_mult") from the following logic: "Mult5" File: D:/PROJEKTY/Sycyf/Nowy folder/Fourier.v Line: 145
    Info (278003): Inferred multiplier megafunction ("lpm_mult") from the following logic: "Mult3" File: D:/PROJEKTY/Sycyf/Nowy folder/Fourier.v Line: 138
    Info (278003): Inferred multiplier megafunction ("lpm_mult") from the following logic: "Mult4" File: D:/PROJEKTY/Sycyf/Nowy folder/Fourier.v Line: 144
Info (12130): Elaborated megafunction instantiation "lpm_mult:Mult0" File: D:/PROJEKTY/Sycyf/Nowy folder/Fourier.v Line: 135
Info (12133): Instantiated megafunction "lpm_mult:Mult0" with the following parameter: File: D:/PROJEKTY/Sycyf/Nowy folder/Fourier.v Line: 135
    Info (12134): Parameter "LPM_WIDTHA" = "8"
    Info (12134): Parameter "LPM_WIDTHB" = "8"
    Info (12134): Parameter "LPM_WIDTHP" = "16"
    Info (12134): Parameter "LPM_WIDTHR" = "16"
    Info (12134): Parameter "LPM_WIDTHS" = "1"
    Info (12134): Parameter "LPM_REPRESENTATION" = "UNSIGNED"
    Info (12134): Parameter "INPUT_A_IS_CONSTANT" = "YES"
    Info (12134): Parameter "INPUT_B_IS_CONSTANT" = "NO"
    Info (12134): Parameter "MAXIMIZE_SPEED" = "5"
Info (12131): Elaborated megafunction instantiation "lpm_mult:Mult0|multcore:mult_core", which is child of megafunction instantiation "lpm_mult:Mult0" File: c:/intelfpga_lite/19.1/quartus/libraries/megafunctions/lpm_mult.tdf Line: 309
Info (12131): Elaborated megafunction instantiation "lpm_mult:Mult0|multcore:mult_core|mpar_add:padder", which is child of megafunction instantiation "lpm_mult:Mult0" File: c:/intelfpga_lite/19.1/quartus/libraries/megafunctions/multcore.tdf Line: 229
Info (12131): Elaborated megafunction instantiation "lpm_mult:Mult0|multcore:mult_core|mpar_add:padder|lpm_add_sub:adder[0]", which is child of megafunction instantiation "lpm_mult:Mult0" File: c:/intelfpga_lite/19.1/quartus/libraries/megafunctions/mpar_add.tdf Line: 78
Info (12021): Found 1 design units, including 1 entities, in source file db/add_sub_lgh.tdf
    Info (12023): Found entity 1: add_sub_lgh File: D:/PROJEKTY/Sycyf/Nowy folder/db/add_sub_lgh.tdf Line: 23
Info (12131): Elaborated megafunction instantiation "lpm_mult:Mult0|altshift:external_latency_ffs", which is child of megafunction instantiation "lpm_mult:Mult0" File: c:/intelfpga_lite/19.1/quartus/libraries/megafunctions/lpm_mult.tdf Line: 352
Info (12130): Elaborated megafunction instantiation "lpm_mult:Mult2" File: D:/PROJEKTY/Sycyf/Nowy folder/Fourier.v Line: 137
Info (12133): Instantiated megafunction "lpm_mult:Mult2" with the following parameter: File: D:/PROJEKTY/Sycyf/Nowy folder/Fourier.v Line: 137
    Info (12134): Parameter "LPM_WIDTHA" = "4"
    Info (12134): Parameter "LPM_WIDTHB" = "8"
    Info (12134): Parameter "LPM_WIDTHP" = "12"
    Info (12134): Parameter "LPM_WIDTHR" = "12"
    Info (12134): Parameter "LPM_WIDTHS" = "1"
    Info (12134): Parameter "LPM_REPRESENTATION" = "UNSIGNED"
    Info (12134): Parameter "INPUT_A_IS_CONSTANT" = "YES"
    Info (12134): Parameter "INPUT_B_IS_CONSTANT" = "NO"
    Info (12134): Parameter "MAXIMIZE_SPEED" = "5"
Info (12131): Elaborated megafunction instantiation "lpm_mult:Mult2|multcore:mult_core", which is child of megafunction instantiation "lpm_mult:Mult2" File: c:/intelfpga_lite/19.1/quartus/libraries/megafunctions/lpm_mult.tdf Line: 309
Info (12131): Elaborated megafunction instantiation "lpm_mult:Mult2|multcore:mult_core|mpar_add:padder", which is child of megafunction instantiation "lpm_mult:Mult2" File: c:/intelfpga_lite/19.1/quartus/libraries/megafunctions/multcore.tdf Line: 229
Info (12131): Elaborated megafunction instantiation "lpm_mult:Mult2|multcore:mult_core|mpar_add:padder|lpm_add_sub:adder[0]", which is child of megafunction instantiation "lpm_mult:Mult2" File: c:/intelfpga_lite/19.1/quartus/libraries/megafunctions/mpar_add.tdf Line: 78
Info (12021): Found 1 design units, including 1 entities, in source file db/add_sub_afh.tdf
    Info (12023): Found entity 1: add_sub_afh File: D:/PROJEKTY/Sycyf/Nowy folder/db/add_sub_afh.tdf Line: 23
Info (12131): Elaborated megafunction instantiation "lpm_mult:Mult2|altshift:external_latency_ffs", which is child of megafunction instantiation "lpm_mult:Mult2" File: c:/intelfpga_lite/19.1/quartus/libraries/megafunctions/lpm_mult.tdf Line: 352
Info (12130): Elaborated megafunction instantiation "lpm_mult:Mult4" File: D:/PROJEKTY/Sycyf/Nowy folder/Fourier.v Line: 144
Info (12133): Instantiated megafunction "lpm_mult:Mult4" with the following parameter: File: D:/PROJEKTY/Sycyf/Nowy folder/Fourier.v Line: 144
    Info (12134): Parameter "LPM_WIDTHA" = "8"
    Info (12134): Parameter "LPM_WIDTHB" = "8"
    Info (12134): Parameter "LPM_WIDTHP" = "16"
    Info (12134): Parameter "LPM_WIDTHR" = "16"
    Info (12134): Parameter "LPM_WIDTHS" = "1"
    Info (12134): Parameter "LPM_REPRESENTATION" = "UNSIGNED"
    Info (12134): Parameter "INPUT_A_IS_CONSTANT" = "YES"
    Info (12134): Parameter "INPUT_B_IS_CONSTANT" = "NO"
    Info (12134): Parameter "MAXIMIZE_SPEED" = "5"
Warning (13024): Output pins are stuck at VCC or GND
    Warning (13410): Pin "z2r[0]" is stuck at GND File: D:/PROJEKTY/Sycyf/Nowy folder/Fourier.v Line: 15
    Warning (13410): Pin "z2r[1]" is stuck at GND File: D:/PROJEKTY/Sycyf/Nowy folder/Fourier.v Line: 15
    Warning (13410): Pin "z2r[2]" is stuck at GND File: D:/PROJEKTY/Sycyf/Nowy folder/Fourier.v Line: 15
    Warning (13410): Pin "z2r[3]" is stuck at GND File: D:/PROJEKTY/Sycyf/Nowy folder/Fourier.v Line: 15
    Warning (13410): Pin "z2r[12]" is stuck at GND File: D:/PROJEKTY/Sycyf/Nowy folder/Fourier.v Line: 15
    Warning (13410): Pin "z2r[13]" is stuck at GND File: D:/PROJEKTY/Sycyf/Nowy folder/Fourier.v Line: 15
    Warning (13410): Pin "z2r[14]" is stuck at GND File: D:/PROJEKTY/Sycyf/Nowy folder/Fourier.v Line: 15
    Warning (13410): Pin "z2r[15]" is stuck at GND File: D:/PROJEKTY/Sycyf/Nowy folder/Fourier.v Line: 15
    Warning (13410): Pin "z6r[0]" is stuck at GND File: D:/PROJEKTY/Sycyf/Nowy folder/Fourier.v Line: 19
    Warning (13410): Pin "z6r[1]" is stuck at GND File: D:/PROJEKTY/Sycyf/Nowy folder/Fourier.v Line: 19
    Warning (13410): Pin "z6r[2]" is stuck at GND File: D:/PROJEKTY/Sycyf/Nowy folder/Fourier.v Line: 19
    Warning (13410): Pin "z6r[3]" is stuck at GND File: D:/PROJEKTY/Sycyf/Nowy folder/Fourier.v Line: 19
    Warning (13410): Pin "z6r[12]" is stuck at GND File: D:/PROJEKTY/Sycyf/Nowy folder/Fourier.v Line: 19
    Warning (13410): Pin "z6r[13]" is stuck at GND File: D:/PROJEKTY/Sycyf/Nowy folder/Fourier.v Line: 19
    Warning (13410): Pin "z6r[14]" is stuck at GND File: D:/PROJEKTY/Sycyf/Nowy folder/Fourier.v Line: 19
    Warning (13410): Pin "z6r[15]" is stuck at GND File: D:/PROJEKTY/Sycyf/Nowy folder/Fourier.v Line: 19
    Warning (13410): Pin "z0i[0]" is stuck at GND File: D:/PROJEKTY/Sycyf/Nowy folder/Fourier.v Line: 22
    Warning (13410): Pin "z0i[1]" is stuck at GND File: D:/PROJEKTY/Sycyf/Nowy folder/Fourier.v Line: 22
    Warning (13410): Pin "z0i[2]" is stuck at GND File: D:/PROJEKTY/Sycyf/Nowy folder/Fourier.v Line: 22
    Warning (13410): Pin "z0i[3]" is stuck at GND File: D:/PROJEKTY/Sycyf/Nowy folder/Fourier.v Line: 22
    Warning (13410): Pin "z0i[4]" is stuck at GND File: D:/PROJEKTY/Sycyf/Nowy folder/Fourier.v Line: 22
    Warning (13410): Pin "z0i[5]" is stuck at GND File: D:/PROJEKTY/Sycyf/Nowy folder/Fourier.v Line: 22
    Warning (13410): Pin "z0i[6]" is stuck at GND File: D:/PROJEKTY/Sycyf/Nowy folder/Fourier.v Line: 22
    Warning (13410): Pin "z0i[7]" is stuck at GND File: D:/PROJEKTY/Sycyf/Nowy folder/Fourier.v Line: 22
    Warning (13410): Pin "z2i[0]" is stuck at GND File: D:/PROJEKTY/Sycyf/Nowy folder/Fourier.v Line: 24
    Warning (13410): Pin "z2i[1]" is stuck at GND File: D:/PROJEKTY/Sycyf/Nowy folder/Fourier.v Line: 24
    Warning (13410): Pin "z2i[2]" is stuck at GND File: D:/PROJEKTY/Sycyf/Nowy folder/Fourier.v Line: 24
    Warning (13410): Pin "z2i[3]" is stuck at GND File: D:/PROJEKTY/Sycyf/Nowy folder/Fourier.v Line: 24
    Warning (13410): Pin "z4i[0]" is stuck at GND File: D:/PROJEKTY/Sycyf/Nowy folder/Fourier.v Line: 26
    Warning (13410): Pin "z4i[1]" is stuck at GND File: D:/PROJEKTY/Sycyf/Nowy folder/Fourier.v Line: 26
    Warning (13410): Pin "z4i[2]" is stuck at GND File: D:/PROJEKTY/Sycyf/Nowy folder/Fourier.v Line: 26
    Warning (13410): Pin "z4i[3]" is stuck at GND File: D:/PROJEKTY/Sycyf/Nowy folder/Fourier.v Line: 26
    Warning (13410): Pin "z4i[4]" is stuck at GND File: D:/PROJEKTY/Sycyf/Nowy folder/Fourier.v Line: 26
    Warning (13410): Pin "z4i[5]" is stuck at GND File: D:/PROJEKTY/Sycyf/Nowy folder/Fourier.v Line: 26
    Warning (13410): Pin "z4i[6]" is stuck at GND File: D:/PROJEKTY/Sycyf/Nowy folder/Fourier.v Line: 26
    Warning (13410): Pin "z4i[7]" is stuck at GND File: D:/PROJEKTY/Sycyf/Nowy folder/Fourier.v Line: 26
    Warning (13410): Pin "z6i[0]" is stuck at GND File: D:/PROJEKTY/Sycyf/Nowy folder/Fourier.v Line: 28
    Warning (13410): Pin "z6i[1]" is stuck at GND File: D:/PROJEKTY/Sycyf/Nowy folder/Fourier.v Line: 28
    Warning (13410): Pin "z6i[2]" is stuck at GND File: D:/PROJEKTY/Sycyf/Nowy folder/Fourier.v Line: 28
    Warning (13410): Pin "z6i[3]" is stuck at GND File: D:/PROJEKTY/Sycyf/Nowy folder/Fourier.v Line: 28
Info (286030): Timing-Driven Synthesis is running
Info (16010): Generating hard_block partition "hard_block:auto_generated_inst"
    Info (16011): Adding 0 node(s), including 0 DDIO, 0 PLL, 0 transceiver and 0 LCELL
Info (21057): Implemented 752 device resources after synthesis - the final resource count might be different
    Info (21058): Implemented 64 input pins
    Info (21059): Implemented 192 output pins
    Info (21061): Implemented 496 logic cells
Info: Quartus Prime Analysis & Synthesis was successful. 0 errors, 42 warnings
    Info: Peak virtual memory: 4768 megabytes
    Info: Processing ended: Fri Jun 26 13:00:00 2020
    Info: Elapsed time: 00:00:10
    Info: Total CPU time (on all processors): 00:00:21


